[2025-10-06 19:38:28] local.ERROR: SQLSTATE[HY000]: General error: 1 no such table: cache (Connection: sqlite, SQL: delete from "cache") {"exception":"[object] (Illuminate\\Database\\QueryException(code: HY000): SQLSTATE[HY000]: General error: 1 no such table: cache (Connection: sqlite, SQL: delete from \"cache\") at /home/nico/Escritorio/POO/tp-final-edi-3/backend/vendor/laravel/framework/src/Illuminate/Database/Connection.php:824)
[stacktrace]
#0 /home/nico/Escritorio/POO/tp-final-edi-3/backend/vendor/laravel/framework/src/Illuminate/Database/Connection.php(778): Illuminate\\Database\\Connection->runQueryCallback()
#1 /home/nico/Escritorio/POO/tp-final-edi-3/backend/vendor/laravel/framework/src/Illuminate/Database/Connection.php(583): Illuminate\\Database\\Connection->run()
#2 /home/nico/Escritorio/POO/tp-final-edi-3/backend/vendor/laravel/framework/src/Illuminate/Database/Connection.php(547): Illuminate\\Database\\Connection->affectingStatement()
#3 /home/nico/Escritorio/POO/tp-final-edi-3/backend/vendor/laravel/framework/src/Illuminate/Database/Query/Builder.php(4109): Illuminate\\Database\\Connection->delete()
#4 /home/nico/Escritorio/POO/tp-final-edi-3/backend/vendor/laravel/framework/src/Illuminate/Cache/DatabaseStore.php(423): Illuminate\\Database\\Query\\Builder->delete()
#5 /home/nico/Escritorio/POO/tp-final-edi-3/backend/vendor/laravel/framework/src/Illuminate/Cache/Repository.php(807): Illuminate\\Cache\\DatabaseStore->flush()
#6 /home/nico/Escritorio/POO/tp-final-edi-3/backend/vendor/laravel/framework/src/Illuminate/Cache/Console/ClearCommand.php(68): Illuminate\\Cache\\Repository->__call()
#7 /home/nico/Escritorio/POO/tp-final-edi-3/backend/vendor/laravel/framework/src/Illuminate/Container/BoundMethod.php(36): Illuminate\\Cache\\Console\\ClearCommand->handle()
#8 /home/nico/Escritorio/POO/tp-final-edi-3/backend/vendor/laravel/framework/src/Illuminate/Container/Util.php(43): Illuminate\\Container\\BoundMethod::Illuminate\\Container\\{closure}()
#9 /home/nico/Escritorio/POO/tp-final-edi-3/backend/vendor/laravel/framework/src/Illuminate/Container/BoundMethod.php(96): Illuminate\\Container\\Util::unwrapIfClosure()
#10 /home/nico/Escritorio/POO/tp-final-edi-3/backend/vendor/laravel/framework/src/Illuminate/Container/BoundMethod.php(35): Illuminate\\Container\\BoundMethod::callBoundMethod()
#11 /home/nico/Escritorio/POO/tp-final-edi-3/backend/vendor/laravel/framework/src/Illuminate/Container/Container.php(836): Illuminate\\Container\\BoundMethod::call()
#12 /home/nico/Escritorio/POO/tp-final-edi-3/backend/vendor/laravel/framework/src/Illuminate/Console/Command.php(211): Illuminate\\Container\\Container->call()
#13 /home/nico/Escritorio/POO/tp-final-edi-3/backend/vendor/symfony/console/Command/Command.php(318): Illuminate\\Console\\Command->execute()
#14 /home/nico/Escritorio/POO/tp-final-edi-3/backend/vendor/laravel/framework/src/Illuminate/Console/Command.php(180): Symfony\\Component\\Console\\Command\\Command->run()
#15 /home/nico/Escritorio/POO/tp-final-edi-3/backend/vendor/symfony/console/Application.php(1110): Illuminate\\Console\\Command->run()
#16 /home/nico/Escritorio/POO/tp-final-edi-3/backend/vendor/symfony/console/Application.php(359): Symfony\\Component\\Console\\Application->doRunCommand()
#17 /home/nico/Escritorio/POO/tp-final-edi-3/backend/vendor/symfony/console/Application.php(194): Symfony\\Component\\Console\\Application->doRun()
#18 /home/nico/Escritorio/POO/tp-final-edi-3/backend/vendor/laravel/framework/src/Illuminate/Foundation/Console/Kernel.php(197): Symfony\\Component\\Console\\Application->run()
#19 /home/nico/Escritorio/POO/tp-final-edi-3/backend/vendor/laravel/framework/src/Illuminate/Foundation/Application.php(1235): Illuminate\\Foundation\\Console\\Kernel->handle()
#20 /home/nico/Escritorio/POO/tp-final-edi-3/backend/artisan(16): Illuminate\\Foundation\\Application->handleCommand()
#21 {main}

[previous exception] [object] (PDOException(code: HY000): SQLSTATE[HY000]: General error: 1 no such table: cache at /home/nico/Escritorio/POO/tp-final-edi-3/backend/vendor/laravel/framework/src/Illuminate/Database/Connection.php:591)
[stacktrace]
#0 /home/nico/Escritorio/POO/tp-final-edi-3/backend/vendor/laravel/framework/src/Illuminate/Database/Connection.php(591): PDO->prepare()
#1 /home/nico/Escritorio/POO/tp-final-edi-3/backend/vendor/laravel/framework/src/Illuminate/Database/Connection.php(811): Illuminate\\Database\\Connection->Illuminate\\Database\\{closure}()
#2 /home/nico/Escritorio/POO/tp-final-edi-3/backend/vendor/laravel/framework/src/Illuminate/Database/Connection.php(778): Illuminate\\Database\\Connection->runQueryCallback()
#3 /home/nico/Escritorio/POO/tp-final-edi-3/backend/vendor/laravel/framework/src/Illuminate/Database/Connection.php(583): Illuminate\\Database\\Connection->run()
#4 /home/nico/Escritorio/POO/tp-final-edi-3/backend/vendor/laravel/framework/src/Illuminate/Database/Connection.php(547): Illuminate\\Database\\Connection->affectingStatement()
#5 /home/nico/Escritorio/POO/tp-final-edi-3/backend/vendor/laravel/framework/src/Illuminate/Database/Query/Builder.php(4109): Illuminate\\Database\\Connection->delete()
#6 /home/nico/Escritorio/POO/tp-final-edi-3/backend/vendor/laravel/framework/src/Illuminate/Cache/DatabaseStore.php(423): Illuminate\\Database\\Query\\Builder->delete()
#7 /home/nico/Escritorio/POO/tp-final-edi-3/backend/vendor/laravel/framework/src/Illuminate/Cache/Repository.php(807): Illuminate\\Cache\\DatabaseStore->flush()
#8 /home/nico/Escritorio/POO/tp-final-edi-3/backend/vendor/laravel/framework/src/Illuminate/Cache/Console/ClearCommand.php(68): Illuminate\\Cache\\Repository->__call()
#9 /home/nico/Escritorio/POO/tp-final-edi-3/backend/vendor/laravel/framework/src/Illuminate/Container/BoundMethod.php(36): Illuminate\\Cache\\Console\\ClearCommand->handle()
#10 /home/nico/Escritorio/POO/tp-final-edi-3/backend/vendor/laravel/framework/src/Illuminate/Container/Util.php(43): Illuminate\\Container\\BoundMethod::Illuminate\\Container\\{closure}()
#11 /home/nico/Escritorio/POO/tp-final-edi-3/backend/vendor/laravel/framework/src/Illuminate/Container/BoundMethod.php(96): Illuminate\\Container\\Util::unwrapIfClosure()
#12 /home/nico/Escritorio/POO/tp-final-edi-3/backend/vendor/laravel/framework/src/Illuminate/Container/BoundMethod.php(35): Illuminate\\Container\\BoundMethod::callBoundMethod()
#13 /home/nico/Escritorio/POO/tp-final-edi-3/backend/vendor/laravel/framework/src/Illuminate/Container/Container.php(836): Illuminate\\Container\\BoundMethod::call()
#14 /home/nico/Escritorio/POO/tp-final-edi-3/backend/vendor/laravel/framework/src/Illuminate/Console/Command.php(211): Illuminate\\Container\\Container->call()
#15 /home/nico/Escritorio/POO/tp-final-edi-3/backend/vendor/symfony/console/Command/Command.php(318): Illuminate\\Console\\Command->execute()
#16 /home/nico/Escritorio/POO/tp-final-edi-3/backend/vendor/laravel/framework/src/Illuminate/Console/Command.php(180): Symfony\\Component\\Console\\Command\\Command->run()
#17 /home/nico/Escritorio/POO/tp-final-edi-3/backend/vendor/symfony/console/Application.php(1110): Illuminate\\Console\\Command->run()
#18 /home/nico/Escritorio/POO/tp-final-edi-3/backend/vendor/symfony/console/Application.php(359): Symfony\\Component\\Console\\Application->doRunCommand()
#19 /home/nico/Escritorio/POO/tp-final-edi-3/backend/vendor/symfony/console/Application.php(194): Symfony\\Component\\Console\\Application->doRun()
#20 /home/nico/Escritorio/POO/tp-final-edi-3/backend/vendor/laravel/framework/src/Illuminate/Foundation/Console/Kernel.php(197): Symfony\\Component\\Console\\Application->run()
#21 /home/nico/Escritorio/POO/tp-final-edi-3/backend/vendor/laravel/framework/src/Illuminate/Foundation/Application.php(1235): Illuminate\\Foundation\\Console\\Kernel->handle()
#22 /home/nico/Escritorio/POO/tp-final-edi-3/backend/artisan(16): Illuminate\\Foundation\\Application->handleCommand()
#23 {main}
"} 
[2025-10-06 19:43:06] local.ERROR: SQLSTATE[HY000]: General error: 1 no such table: cache (Connection: sqlite, SQL: delete from "cache") {"exception":"[object] (Illuminate\\Database\\QueryException(code: HY000): SQLSTATE[HY000]: General error: 1 no such table: cache (Connection: sqlite, SQL: delete from \"cache\") at /home/nico/Escritorio/POO/tp-final-edi-3/backend/vendor/laravel/framework/src/Illuminate/Database/Connection.php:824)
[stacktrace]
#0 /home/nico/Escritorio/POO/tp-final-edi-3/backend/vendor/laravel/framework/src/Illuminate/Database/Connection.php(778): Illuminate\\Database\\Connection->runQueryCallback()
#1 /home/nico/Escritorio/POO/tp-final-edi-3/backend/vendor/laravel/framework/src/Illuminate/Database/Connection.php(583): Illuminate\\Database\\Connection->run()
#2 /home/nico/Escritorio/POO/tp-final-edi-3/backend/vendor/laravel/framework/src/Illuminate/Database/Connection.php(547): Illuminate\\Database\\Connection->affectingStatement()
#3 /home/nico/Escritorio/POO/tp-final-edi-3/backend/vendor/laravel/framework/src/Illuminate/Database/Query/Builder.php(4109): Illuminate\\Database\\Connection->delete()
#4 /home/nico/Escritorio/POO/tp-final-edi-3/backend/vendor/laravel/framework/src/Illuminate/Cache/DatabaseStore.php(423): Illuminate\\Database\\Query\\Builder->delete()
#5 /home/nico/Escritorio/POO/tp-final-edi-3/backend/vendor/laravel/framework/src/Illuminate/Cache/Repository.php(807): Illuminate\\Cache\\DatabaseStore->flush()
#6 /home/nico/Escritorio/POO/tp-final-edi-3/backend/vendor/laravel/framework/src/Illuminate/Cache/Console/ClearCommand.php(68): Illuminate\\Cache\\Repository->__call()
#7 /home/nico/Escritorio/POO/tp-final-edi-3/backend/vendor/laravel/framework/src/Illuminate/Container/BoundMethod.php(36): Illuminate\\Cache\\Console\\ClearCommand->handle()
#8 /home/nico/Escritorio/POO/tp-final-edi-3/backend/vendor/laravel/framework/src/Illuminate/Container/Util.php(43): Illuminate\\Container\\BoundMethod::Illuminate\\Container\\{closure}()
#9 /home/nico/Escritorio/POO/tp-final-edi-3/backend/vendor/laravel/framework/src/Illuminate/Container/BoundMethod.php(96): Illuminate\\Container\\Util::unwrapIfClosure()
#10 /home/nico/Escritorio/POO/tp-final-edi-3/backend/vendor/laravel/framework/src/Illuminate/Container/BoundMethod.php(35): Illuminate\\Container\\BoundMethod::callBoundMethod()
#11 /home/nico/Escritorio/POO/tp-final-edi-3/backend/vendor/laravel/framework/src/Illuminate/Container/Container.php(836): Illuminate\\Container\\BoundMethod::call()
#12 /home/nico/Escritorio/POO/tp-final-edi-3/backend/vendor/laravel/framework/src/Illuminate/Console/Command.php(211): Illuminate\\Container\\Container->call()
#13 /home/nico/Escritorio/POO/tp-final-edi-3/backend/vendor/symfony/console/Command/Command.php(318): Illuminate\\Console\\Command->execute()
#14 /home/nico/Escritorio/POO/tp-final-edi-3/backend/vendor/laravel/framework/src/Illuminate/Console/Command.php(180): Symfony\\Component\\Console\\Command\\Command->run()
#15 /home/nico/Escritorio/POO/tp-final-edi-3/backend/vendor/symfony/console/Application.php(1110): Illuminate\\Console\\Command->run()
#16 /home/nico/Escritorio/POO/tp-final-edi-3/backend/vendor/symfony/console/Application.php(359): Symfony\\Component\\Console\\Application->doRunCommand()
#17 /home/nico/Escritorio/POO/tp-final-edi-3/backend/vendor/symfony/console/Application.php(194): Symfony\\Component\\Console\\Application->doRun()
#18 /home/nico/Escritorio/POO/tp-final-edi-3/backend/vendor/laravel/framework/src/Illuminate/Foundation/Console/Kernel.php(197): Symfony\\Component\\Console\\Application->run()
#19 /home/nico/Escritorio/POO/tp-final-edi-3/backend/vendor/laravel/framework/src/Illuminate/Foundation/Application.php(1235): Illuminate\\Foundation\\Console\\Kernel->handle()
#20 /home/nico/Escritorio/POO/tp-final-edi-3/backend/artisan(16): Illuminate\\Foundation\\Application->handleCommand()
#21 {main}

[previous exception] [object] (PDOException(code: HY000): SQLSTATE[HY000]: General error: 1 no such table: cache at /home/nico/Escritorio/POO/tp-final-edi-3/backend/vendor/laravel/framework/src/Illuminate/Database/Connection.php:591)
[stacktrace]
#0 /home/nico/Escritorio/POO/tp-final-edi-3/backend/vendor/laravel/framework/src/Illuminate/Database/Connection.php(591): PDO->prepare()
#1 /home/nico/Escritorio/POO/tp-final-edi-3/backend/vendor/laravel/framework/src/Illuminate/Database/Connection.php(811): Illuminate\\Database\\Connection->Illuminate\\Database\\{closure}()
#2 /home/nico/Escritorio/POO/tp-final-edi-3/backend/vendor/laravel/framework/src/Illuminate/Database/Connection.php(778): Illuminate\\Database\\Connection->runQueryCallback()
#3 /home/nico/Escritorio/POO/tp-final-edi-3/backend/vendor/laravel/framework/src/Illuminate/Database/Connection.php(583): Illuminate\\Database\\Connection->run()
#4 /home/nico/Escritorio/POO/tp-final-edi-3/backend/vendor/laravel/framework/src/Illuminate/Database/Connection.php(547): Illuminate\\Database\\Connection->affectingStatement()
#5 /home/nico/Escritorio/POO/tp-final-edi-3/backend/vendor/laravel/framework/src/Illuminate/Database/Query/Builder.php(4109): Illuminate\\Database\\Connection->delete()
#6 /home/nico/Escritorio/POO/tp-final-edi-3/backend/vendor/laravel/framework/src/Illuminate/Cache/DatabaseStore.php(423): Illuminate\\Database\\Query\\Builder->delete()
#7 /home/nico/Escritorio/POO/tp-final-edi-3/backend/vendor/laravel/framework/src/Illuminate/Cache/Repository.php(807): Illuminate\\Cache\\DatabaseStore->flush()
#8 /home/nico/Escritorio/POO/tp-final-edi-3/backend/vendor/laravel/framework/src/Illuminate/Cache/Console/ClearCommand.php(68): Illuminate\\Cache\\Repository->__call()
#9 /home/nico/Escritorio/POO/tp-final-edi-3/backend/vendor/laravel/framework/src/Illuminate/Container/BoundMethod.php(36): Illuminate\\Cache\\Console\\ClearCommand->handle()
#10 /home/nico/Escritorio/POO/tp-final-edi-3/backend/vendor/laravel/framework/src/Illuminate/Container/Util.php(43): Illuminate\\Container\\BoundMethod::Illuminate\\Container\\{closure}()
#11 /home/nico/Escritorio/POO/tp-final-edi-3/backend/vendor/laravel/framework/src/Illuminate/Container/BoundMethod.php(96): Illuminate\\Container\\Util::unwrapIfClosure()
#12 /home/nico/Escritorio/POO/tp-final-edi-3/backend/vendor/laravel/framework/src/Illuminate/Container/BoundMethod.php(35): Illuminate\\Container\\BoundMethod::callBoundMethod()
#13 /home/nico/Escritorio/POO/tp-final-edi-3/backend/vendor/laravel/framework/src/Illuminate/Container/Container.php(836): Illuminate\\Container\\BoundMethod::call()
#14 /home/nico/Escritorio/POO/tp-final-edi-3/backend/vendor/laravel/framework/src/Illuminate/Console/Command.php(211): Illuminate\\Container\\Container->call()
#15 /home/nico/Escritorio/POO/tp-final-edi-3/backend/vendor/symfony/console/Command/Command.php(318): Illuminate\\Console\\Command->execute()
#16 /home/nico/Escritorio/POO/tp-final-edi-3/backend/vendor/laravel/framework/src/Illuminate/Console/Command.php(180): Symfony\\Component\\Console\\Command\\Command->run()
#17 /home/nico/Escritorio/POO/tp-final-edi-3/backend/vendor/symfony/console/Application.php(1110): Illuminate\\Console\\Command->run()
#18 /home/nico/Escritorio/POO/tp-final-edi-3/backend/vendor/symfony/console/Application.php(359): Symfony\\Component\\Console\\Application->doRunCommand()
#19 /home/nico/Escritorio/POO/tp-final-edi-3/backend/vendor/symfony/console/Application.php(194): Symfony\\Component\\Console\\Application->doRun()
#20 /home/nico/Escritorio/POO/tp-final-edi-3/backend/vendor/laravel/framework/src/Illuminate/Foundation/Console/Kernel.php(197): Symfony\\Component\\Console\\Application->run()
#21 /home/nico/Escritorio/POO/tp-final-edi-3/backend/vendor/laravel/framework/src/Illuminate/Foundation/Application.php(1235): Illuminate\\Foundation\\Console\\Kernel->handle()
#22 /home/nico/Escritorio/POO/tp-final-edi-3/backend/artisan(16): Illuminate\\Foundation\\Application->handleCommand()
#23 {main}
"} 
[2025-10-07 18:01:14] local.ERROR: SQLSTATE[HY000]: General error: 1 no such table: cache (Connection: sqlite, SQL: delete from "cache") {"exception":"[object] (Illuminate\\Database\\QueryException(code: HY000): SQLSTATE[HY000]: General error: 1 no such table: cache (Connection: sqlite, SQL: delete from \"cache\") at /home/nico/Escritorio/POO/tp-final-edi-3/backend/vendor/laravel/framework/src/Illuminate/Database/Connection.php:824)
[stacktrace]
#0 /home/nico/Escritorio/POO/tp-final-edi-3/backend/vendor/laravel/framework/src/Illuminate/Database/Connection.php(778): Illuminate\\Database\\Connection->runQueryCallback()
#1 /home/nico/Escritorio/POO/tp-final-edi-3/backend/vendor/laravel/framework/src/Illuminate/Database/Connection.php(583): Illuminate\\Database\\Connection->run()
#2 /home/nico/Escritorio/POO/tp-final-edi-3/backend/vendor/laravel/framework/src/Illuminate/Database/Connection.php(547): Illuminate\\Database\\Connection->affectingStatement()
#3 /home/nico/Escritorio/POO/tp-final-edi-3/backend/vendor/laravel/framework/src/Illuminate/Database/Query/Builder.php(4109): Illuminate\\Database\\Connection->delete()
#4 /home/nico/Escritorio/POO/tp-final-edi-3/backend/vendor/laravel/framework/src/Illuminate/Cache/DatabaseStore.php(423): Illuminate\\Database\\Query\\Builder->delete()
#5 /home/nico/Escritorio/POO/tp-final-edi-3/backend/vendor/laravel/framework/src/Illuminate/Cache/Repository.php(807): Illuminate\\Cache\\DatabaseStore->flush()
#6 /home/nico/Escritorio/POO/tp-final-edi-3/backend/vendor/laravel/framework/src/Illuminate/Cache/Console/ClearCommand.php(68): Illuminate\\Cache\\Repository->__call()
#7 /home/nico/Escritorio/POO/tp-final-edi-3/backend/vendor/laravel/framework/src/Illuminate/Container/BoundMethod.php(36): Illuminate\\Cache\\Console\\ClearCommand->handle()
#8 /home/nico/Escritorio/POO/tp-final-edi-3/backend/vendor/laravel/framework/src/Illuminate/Container/Util.php(43): Illuminate\\Container\\BoundMethod::Illuminate\\Container\\{closure}()
#9 /home/nico/Escritorio/POO/tp-final-edi-3/backend/vendor/laravel/framework/src/Illuminate/Container/BoundMethod.php(96): Illuminate\\Container\\Util::unwrapIfClosure()
#10 /home/nico/Escritorio/POO/tp-final-edi-3/backend/vendor/laravel/framework/src/Illuminate/Container/BoundMethod.php(35): Illuminate\\Container\\BoundMethod::callBoundMethod()
#11 /home/nico/Escritorio/POO/tp-final-edi-3/backend/vendor/laravel/framework/src/Illuminate/Container/Container.php(836): Illuminate\\Container\\BoundMethod::call()
#12 /home/nico/Escritorio/POO/tp-final-edi-3/backend/vendor/laravel/framework/src/Illuminate/Console/Command.php(211): Illuminate\\Container\\Container->call()
#13 /home/nico/Escritorio/POO/tp-final-edi-3/backend/vendor/symfony/console/Command/Command.php(318): Illuminate\\Console\\Command->execute()
#14 /home/nico/Escritorio/POO/tp-final-edi-3/backend/vendor/laravel/framework/src/Illuminate/Console/Command.php(180): Symfony\\Component\\Console\\Command\\Command->run()
#15 /home/nico/Escritorio/POO/tp-final-edi-3/backend/vendor/symfony/console/Application.php(1110): Illuminate\\Console\\Command->run()
#16 /home/nico/Escritorio/POO/tp-final-edi-3/backend/vendor/symfony/console/Application.php(359): Symfony\\Component\\Console\\Application->doRunCommand()
#17 /home/nico/Escritorio/POO/tp-final-edi-3/backend/vendor/symfony/console/Application.php(194): Symfony\\Component\\Console\\Application->doRun()
#18 /home/nico/Escritorio/POO/tp-final-edi-3/backend/vendor/laravel/framework/src/Illuminate/Foundation/Console/Kernel.php(197): Symfony\\Component\\Console\\Application->run()
#19 /home/nico/Escritorio/POO/tp-final-edi-3/backend/vendor/laravel/framework/src/Illuminate/Foundation/Application.php(1235): Illuminate\\Foundation\\Console\\Kernel->handle()
#20 /home/nico/Escritorio/POO/tp-final-edi-3/backend/artisan(16): Illuminate\\Foundation\\Application->handleCommand()
#21 {main}

[previous exception] [object] (PDOException(code: HY000): SQLSTATE[HY000]: General error: 1 no such table: cache at /home/nico/Escritorio/POO/tp-final-edi-3/backend/vendor/laravel/framework/src/Illuminate/Database/Connection.php:591)
[stacktrace]
#0 /home/nico/Escritorio/POO/tp-final-edi-3/backend/vendor/laravel/framework/src/Illuminate/Database/Connection.php(591): PDO->prepare()
#1 /home/nico/Escritorio/POO/tp-final-edi-3/backend/vendor/laravel/framework/src/Illuminate/Database/Connection.php(811): Illuminate\\Database\\Connection->Illuminate\\Database\\{closure}()
#2 /home/nico/Escritorio/POO/tp-final-edi-3/backend/vendor/laravel/framework/src/Illuminate/Database/Connection.php(778): Illuminate\\Database\\Connection->runQueryCallback()
#3 /home/nico/Escritorio/POO/tp-final-edi-3/backend/vendor/laravel/framework/src/Illuminate/Database/Connection.php(583): Illuminate\\Database\\Connection->run()
#4 /home/nico/Escritorio/POO/tp-final-edi-3/backend/vendor/laravel/framework/src/Illuminate/Database/Connection.php(547): Illuminate\\Database\\Connection->affectingStatement()
#5 /home/nico/Escritorio/POO/tp-final-edi-3/backend/vendor/laravel/framework/src/Illuminate/Database/Query/Builder.php(4109): Illuminate\\Database\\Connection->delete()
#6 /home/nico/Escritorio/POO/tp-final-edi-3/backend/vendor/laravel/framework/src/Illuminate/Cache/DatabaseStore.php(423): Illuminate\\Database\\Query\\Builder->delete()
#7 /home/nico/Escritorio/POO/tp-final-edi-3/backend/vendor/laravel/framework/src/Illuminate/Cache/Repository.php(807): Illuminate\\Cache\\DatabaseStore->flush()
#8 /home/nico/Escritorio/POO/tp-final-edi-3/backend/vendor/laravel/framework/src/Illuminate/Cache/Console/ClearCommand.php(68): Illuminate\\Cache\\Repository->__call()
#9 /home/nico/Escritorio/POO/tp-final-edi-3/backend/vendor/laravel/framework/src/Illuminate/Container/BoundMethod.php(36): Illuminate\\Cache\\Console\\ClearCommand->handle()
#10 /home/nico/Escritorio/POO/tp-final-edi-3/backend/vendor/laravel/framework/src/Illuminate/Container/Util.php(43): Illuminate\\Container\\BoundMethod::Illuminate\\Container\\{closure}()
#11 /home/nico/Escritorio/POO/tp-final-edi-3/backend/vendor/laravel/framework/src/Illuminate/Container/BoundMethod.php(96): Illuminate\\Container\\Util::unwrapIfClosure()
#12 /home/nico/Escritorio/POO/tp-final-edi-3/backend/vendor/laravel/framework/src/Illuminate/Container/BoundMethod.php(35): Illuminate\\Container\\BoundMethod::callBoundMethod()
#13 /home/nico/Escritorio/POO/tp-final-edi-3/backend/vendor/laravel/framework/src/Illuminate/Container/Container.php(836): Illuminate\\Container\\BoundMethod::call()
#14 /home/nico/Escritorio/POO/tp-final-edi-3/backend/vendor/laravel/framework/src/Illuminate/Console/Command.php(211): Illuminate\\Container\\Container->call()
#15 /home/nico/Escritorio/POO/tp-final-edi-3/backend/vendor/symfony/console/Command/Command.php(318): Illuminate\\Console\\Command->execute()
#16 /home/nico/Escritorio/POO/tp-final-edi-3/backend/vendor/laravel/framework/src/Illuminate/Console/Command.php(180): Symfony\\Component\\Console\\Command\\Command->run()
#17 /home/nico/Escritorio/POO/tp-final-edi-3/backend/vendor/symfony/console/Application.php(1110): Illuminate\\Console\\Command->run()
#18 /home/nico/Escritorio/POO/tp-final-edi-3/backend/vendor/symfony/console/Application.php(359): Symfony\\Component\\Console\\Application->doRunCommand()
#19 /home/nico/Escritorio/POO/tp-final-edi-3/backend/vendor/symfony/console/Application.php(194): Symfony\\Component\\Console\\Application->doRun()
#20 /home/nico/Escritorio/POO/tp-final-edi-3/backend/vendor/laravel/framework/src/Illuminate/Foundation/Console/Kernel.php(197): Symfony\\Component\\Console\\Application->run()
#21 /home/nico/Escritorio/POO/tp-final-edi-3/backend/vendor/laravel/framework/src/Illuminate/Foundation/Application.php(1235): Illuminate\\Foundation\\Console\\Kernel->handle()
#22 /home/nico/Escritorio/POO/tp-final-edi-3/backend/artisan(16): Illuminate\\Foundation\\Application->handleCommand()
#23 {main}
"} 
